1595917082730	mozrunner::runner	INFO	Running command: "C:\\Program Files\\Mozilla Firefox\\firefox.exe" "-marionette" "-foreground" "-no-remote" "-profile" "C:\\Users\\cao\\AppData\\Local\\Temp\\rust_mozprofile.WmWhBmQnlGLa"
1595917083124	addons.webextension.screenshots@mozilla.org	WARN	Loading extension 'screenshots@mozilla.org': Reading manifest: Invalid extension permission: mozillaAddons
1595917083124	addons.webextension.screenshots@mozilla.org	WARN	Loading extension 'screenshots@mozilla.org': Reading manifest: Invalid extension permission: telemetry
1595917083124	addons.webextension.screenshots@mozilla.org	WARN	Loading extension 'screenshots@mozilla.org': Reading manifest: Invalid extension permission: resource://pdf.js/
1595917083134	addons.webextension.screenshots@mozilla.org	WARN	Loading extension 'screenshots@mozilla.org': Reading manifest: Invalid extension permission: about:reader*
JavaScript error: resource://gre/modules/XULStore.jsm, line 66: Error: Can't find profile directory.
1595917085269	Marionette	INFO	Listening on port 50047
1595917085451	Marionette	WARN	TLS certificate errors will be ignored for this session
1595917158322	Marionette	INFO	Stopped listening on port 50047
[Child 24124, Chrome_ChildThread] WARNING: pipe error: 109: file z:/task_1575282935/build/src/ipc/chromium/src/chrome/common/ipc_channel_win.cc, line 341
[C[Child 20244, Chrome_ChildThread] WARNING: pipe error: 109: file z:/task_1575282935/build/src/ipc/c
###!!! [Child][RunMessage] Error: Channel closing: too late to send/recv, messages will be lost

hromium/src/chrome/common/ipc_channel_win.cc, line 341
[[Parent 2976, Gecko_IOThread] WARNING: pipe error: 109: file z:/task_1575282935/build/src/ipc/chromium/src/chrome/common/ipc_channel_win.cc, line 341
[Child 17124, Chrome_ChildThread] WARNING: pipe error: 109: file z:/task_1575282935/build/src/ipc/chromium/src/chrome/common/ipc_channel_win.cc, line 341
[Chi
###!!! [Child][RunMessage] Error: Channel closing: too late to send/recv, messages will be lost


###!!! [Child][MessageChannel::SendAndWait] Error: Channel error: cannot send/recv

1595917425390	mozrunner::runner	INFO	Running command: "C:\\Program Files\\Mozilla Firefox\\firefox.exe" "-marionette" "-foreground" "-no-remote" "-profile" "C:\\Users\\cao\\AppData\\Local\\Temp\\rust_mozprofile.smeJijDxaUOD"
1595917425783	addons.webextension.screenshots@mozilla.org	WARN	Loading extension 'screenshots@mozilla.org': Reading manifest: Invalid extension permission: mozillaAddons
1595917425783	addons.webextension.screenshots@mozilla.org	WARN	Loading extension 'screenshots@mozilla.org': Reading manifest: Invalid extension permission: telemetry
1595917425783	addons.webextension.screenshots@mozilla.org	WARN	Loading extension 'screenshots@mozilla.org': Reading manifest: Invalid extension permission: resource://pdf.js/
1595917425783	addons.webextension.screenshots@mozilla.org	WARN	Loading extension 'screenshots@mozilla.org': Reading manifest: Invalid extension permission: about:reader*
JavaScript error: resource://gre/modules/XULStore.jsm, line 66: Error: Can't find profile directory.
1595917427371	Marionette	INFO	Listening on port 50432
1595917427509	Marionette	WARN	TLS certificate errors will be ignored for this session
1595917431864	Marionette	INFO	Stopped listening on port 50432
[Parent 12068, Gecko_IOThread] WARNING: pipe error: 109: file z:/task_1575282935/build/src/ipc/chromium/src/chrome/common/ipc_channel_win.cc, line 341
[Parent 12068, Gecko_IOThread] WARNING: pipe error: 109: file z:/task_1575282935/build/src/ipc/chromium/src/chrome/common/ipc_channel_win.cc, line 341
[Child 14956, Chrome_ChildThread] WARNING: pipe error:[ C109: fhiild 23952, Chrome_Cle z:/task_1575282hildThread] WARNING: pipe er9r35/build/src/ipc/chromium/src/chrome/common/ipc_chanonr: 109: file z:/tasel_wik_15n.7cc, line 3415
282935/build/src/ipc/chromium/src/chrome/common/ipc_channel_win.cc, line 341
[Child[Parent 12068, Gecko_IOThread] WARNING: pipe error: 109: file z:/task_1575282935/build/src/ipc/chromium/src/chrome/common/ipc_channel_win.cc, line 341
[Child 22240, Chrome_ChildThread] WARNING: pipe error: 109: file z:/task_1575282935/build/src/ipc/chromium/src/chrome/common/ipc_channel_win.cc, line 341
[Ch
###!!! [Child][MessageChannel::SendAndWait] Error: Channel error: cannot send/recv

1595919166906	mozrunner::runner	INFO	Running command: "C:\\Program Files (x86)\\Mozilla Firefox\\firefox.exe" "-marionette" "-foreground" "-no-remote" "-profile" "C:\\Users\\cao\\AppData\\Local\\Temp\\rust_mozprofile.A1yHDQbvn3OC"
1595919188677	mozrunner::runner	INFO	Running command: "C:\\Program Files (x86)\\Mozilla Firefox\\firefox.exe" "-marionette" "-foreground" "-no-remote" "-profile" "C:\\Users\\cao\\AppData\\Local\\Temp\\rust_mozprofile.AAzpCxoU2zYH"
JavaScript error: resource://gre/modules/XULStore.jsm, line 66: Error: Can't find profile directory.
1595919190889	Marionette	INFO	Listening on port 51896
1595919190897	Marionette	WARN	TLS certificate errors will be ignored for this session
1595919210096	Marionette	INFO	Stopped listening on port 51896

###!!! [Child][MessageChannel::SendAndWait] Error: Channel error: cannot send/recv

1595921890011	mozrunner::runner	INFO	Running command: "C:\\Program Files (x86)\\Mozilla Firefox\\firefox.exe" "-marionette" "-foreground" "-no-remote" "-profile" "C:\\Users\\cao\\AppData\\Local\\Temp\\rust_mozprofile.8nAZVhDErxuJ"
JavaScript error: resource://gre/modules/XULStore.jsm, line 66: Error: Can't find profile directory.
1595921892234	Marionette	INFO	Listening on port 53205
1595921892729	Marionette	WARN	TLS certificate errors will be ignored for this session
1595921896442	Marionette	INFO	Stopped listening on port 53205

###!!! [Child][MessageChannel::SendAndWait] Error: Channel error: cannot send/recv

1595922365450	mozrunner::runner	INFO	Running command: "C:\\Program Files (x86)\\Mozilla Firefox\\firefox.exe" "-marionette" "-foreground" "-no-remote" "-profile" "C:\\Users\\cao\\AppData\\Local\\Temp\\rust_mozprofile.1KXDhhxYfuEt"
JavaScript error: resource://gre/modules/XULStore.jsm, line 66: Error: Can't find profile directory.
1595922367705	Marionette	INFO	Listening on port 53412
1595922368168	Marionette	WARN	TLS certificate errors will be ignored for this session
1595922372433	Marionette	INFO	Stopped listening on port 53412

###!!! [Child][MessageChannel::SendAndWait] Error: Channel error: cannot send/recv

1595926220694	mozrunner::runner	INFO	Running command: "C:\\Program Files (x86)\\Mozilla Firefox\\firefox.exe" "-marionette" "-foreground" "-no-remote" "-profile" "C:\\Users\\cao\\AppData\\Local\\Temp\\rust_mozprofile.RDpy7PpKP4KW"
JavaScript error: resource://gre/modules/XULStore.jsm, line 66: Error: Can't find profile directory.
1595926223025	Marionette	INFO	Listening on port 54569
1595926223411	Marionette	WARN	TLS certificate errors will be ignored for this session
1595926229332	Marionette	INFO	Stopped listening on port 54569

###!!! [Child][RunMessage] Error: Channel closing: too late to send/recv, messages will be lost


###!!! [Child][MessageChannel::SendAndWait] Error: Channel error: cannot send/recv

1595927665032	mozrunner::runner	INFO	Running command: "C:\\Program Files (x86)\\Mozilla Firefox\\firefox.exe" "-marionette" "-foreground" "-no-remote" "-profile" "C:\\Users\\cao\\AppData\\Local\\Temp\\rust_mozprofile.40SqhuZtvAnP"
JavaScript error: resource://gre/modules/XULStore.jsm, line 66: Error: Can't find profile directory.
1595927667476	Marionette	INFO	Listening on port 55152
1595927667765	Marionette	WARN	TLS certificate errors will be ignored for this session
1595927672586	Marionette	INFO	Stopped listening on port 55152

###!!! [Child][MessageChannel::SendAndWait] Error: Channel error: cannot send/recv

1595930413417	mozrunner::runner	INFO	Running command: "C:\\Program Files (x86)\\Mozilla Firefox\\firefox.exe" "-marionette" "-foreground" "-no-remote" "-profile" "C:\\Users\\cao\\AppData\\Local\\Temp\\rust_mozprofile.PdKkers6bIl6"
JavaScript error: resource://gre/modules/XULStore.jsm, line 66: Error: Can't find profile directory.
1595930415737	Marionette	INFO	Listening on port 55907
1595930416136	Marionette	WARN	TLS certificate errors will be ignored for this session
1595930427585	Marionette	INFO	Stopped listening on port 55907

###!!! [Child][MessageChannel::SendAndWait] Error: Channel error: cannot send/recv

1595987544314	mozrunner::runner	INFO	Running command: "C:\\Program Files (x86)\\Mozilla Firefox\\firefox.exe" "-marionette" "-foreground" "-no-remote" "-profile" "C:\\Users\\cao\\AppData\\Local\\Temp\\rust_mozprofile.es7qbJfaLGRE"
JavaScript error: resource://gre/modules/XULStore.jsm, line 66: Error: Can't find profile directory.
1595987546576	Marionette	INFO	Listening on port 55418
1595987547077	Marionette	WARN	TLS certificate errors will be ignored for this session
1595987564851	Marionette	INFO	Stopped listening on port 55418

###!!! [Child][MessageChannel] Error: (msgtype=0x5A0011,name=PHttpChannel::Msg___delete__) Channel closing: too late to send/recv, messages will be lost


###!!! [Child][MessageChannel] Error: (msgtype=0x6A0029,name=PNecko::Msg_RemoveRequestContext) Channel closing: too late to send/recv, messages will be lost


###!!! [Child][RunMessage] Error: Channel closing: too late to send/recv, messages will be lost


###!!! [Child][RunMessage] Error: Channel closing: too late to send/recv, messages will be lost


###!!! [Child][RunMessage] Error: Channel closing: too late to send/recv, messages will be lost


###!!! [Child][RunMessage] Error: Channel closing: too late to send/recv, messages will be lost


###!!! [Child][RunMessage] Error: Channel closing: too late to send/recv, messages will be lost


###!!! [Child][RunMessage] Error: Channel closing: too late to send/recv, messages will be lost


###!!! [Child][RunMessage] Error: Channel closing: too late to send/recv, messages will be lost


###!!! [Child][RunMessage] Error: Channel closing: too late to send/recv, messages will be lost


###!!! [Child][RunMessage] Error: Channel closing: too late to send/recv, messages will be lost


###!!! [Child][RunMessage] Error: Channel closing: too late to send/recv, messages will be lost


###!!! [Child][MessageChannel::SendAndWait] Error: Channel error: cannot send/recv

